Arguments: 
  /Users/renato/.nvm/versions/node/v10.16.2/bin/node /usr/local/Cellar/yarn/1.17.3/libexec/bin/yarn.js init

PATH: 
  /Users/renato/.rvm/gems/ruby-2.4.2/bin:/Users/renato/.rvm/gems/ruby-2.4.2@global/bin:/Users/renato/.rvm/rubies/ruby-2.4.2/bin:/Users/renato/.nvm/versions/node/v10.16.2/bin:/usr/local/bin:/usr/bin:/bin:/usr/sbin:/sbin:/Users/renato/Library/Python/2.7/bin:/Users/renato/Library/Android/sdk/tools/bin:/Users/renato/Library/Android/sdk/platform-tools:/Users/renato/Library/Android/sdk/emulator:/Users/renato/Library/Android/sdk/build-tools/28.0.3:/Users/renato/.rvm/bin

Yarn version: 
  1.17.3

Node version: 
  10.16.2

Platform: 
  darwin x64

Trace: 
  Error: canceled
      at Interface.<anonymous> (/usr/local/Cellar/yarn/1.17.3/libexec/lib/cli.js:136724:13)
      at Interface.emit (events.js:198:13)
      at Interface._ttyWrite (readline.js:801:16)
      at ReadStream.onkeypress (readline.js:184:10)
      at ReadStream.emit (events.js:198:13)
      at emitKeys (internal/readline.js:424:14)
      at emitKeys.next (<anonymous>)
      at ReadStream.onData (readline.js:1075:36)
      at ReadStream.emit (events.js:198:13)
      at addChunk (_stream_readable.js:288:12)

npm manifest: 
  No manifest

yarn manifest: 
  No manifest

Lockfile: 
  No lockfile
